2021-04-30 07:33:43,196 INFO org.springframework.boot.StartupInfoLogger [main] Starting AllVehiclesApiApplication using Java 11.0.10 on DESKTOP-GOI1K1R with PID 2956 (C:\Users\Javier\Desktop\Proyectos IntelliJ\DAM\Spring\allVehiclesAPI\target\classes started by Javier in C:\Users\Javier\Desktop\Proyectos IntelliJ\DAM\Spring\allVehiclesAPI)
2021-04-30 07:33:43,196 INFO org.springframework.boot.SpringApplication [main] No active profile set, falling back to default profiles: default
2021-04-30 07:33:44,052 INFO org.springframework.data.repository.config.RepositoryConfigurationDelegate [main] Bootstrapping Spring Data JPA repositories in DEFAULT mode.
2021-04-30 07:33:44,183 INFO org.springframework.data.repository.config.RepositoryConfigurationDelegate [main] Finished Spring Data repository scanning in 121 ms. Found 4 JPA repository interfaces.
2021-04-30 07:33:45,048 INFO org.springframework.boot.web.embedded.tomcat.TomcatWebServer [main] Tomcat initialized with port(s): 8080 (http)
2021-04-30 07:33:45,054 INFO org.apache.juli.logging.DirectJDKLog [main] Initializing ProtocolHandler ["http-nio-8080"]
2021-04-30 07:33:45,054 INFO org.apache.juli.logging.DirectJDKLog [main] Starting service [Tomcat]
2021-04-30 07:33:45,054 INFO org.apache.juli.logging.DirectJDKLog [main] Starting Servlet engine: [Apache Tomcat/9.0.43]
2021-04-30 07:33:45,201 INFO org.apache.juli.logging.DirectJDKLog [main] Initializing Spring embedded WebApplicationContext
2021-04-30 07:33:45,201 INFO org.springframework.boot.web.servlet.context.ServletWebServerApplicationContext [main] Root WebApplicationContext: initialization completed in 1951 ms
2021-04-30 07:33:45,433 INFO org.hibernate.jpa.internal.util.LogHelper [main] HHH000204: Processing PersistenceUnitInfo [name: default]
2021-04-30 07:33:45,556 INFO org.hibernate.Version [main] HHH000412: Hibernate ORM core version 5.4.28.Final
2021-04-30 07:33:45,703 INFO org.hibernate.annotations.common.reflection.java.JavaReflectionManager [main] HCANN000001: Hibernate Commons Annotations {5.1.2.Final}
2021-04-30 07:33:45,857 INFO com.zaxxer.hikari.HikariDataSource [main] HikariPool-1 - Starting...
2021-04-30 07:33:46,088 INFO com.zaxxer.hikari.HikariDataSource [main] HikariPool-1 - Start completed.
2021-04-30 07:33:46,088 INFO org.hibernate.dialect.Dialect [main] HHH000400: Using dialect: org.hibernate.dialect.MySQL55Dialect
2021-04-30 07:33:46,922 INFO org.hibernate.engine.transaction.jta.platform.internal.JtaPlatformInitiator [main] HHH000490: Using JtaPlatform implementation: [org.hibernate.engine.transaction.jta.platform.internal.NoJtaPlatform]
2021-04-30 07:33:46,922 INFO org.springframework.orm.jpa.AbstractEntityManagerFactoryBean [main] Initialized JPA EntityManagerFactory for persistence unit 'default'
2021-04-30 07:33:47,439 WARN org.springframework.boot.autoconfigure.orm.jpa.JpaBaseConfiguration$JpaWebConfiguration [main] spring.jpa.open-in-view is enabled by default. Therefore, database queries may be performed during view rendering. Explicitly configure spring.jpa.open-in-view to disable this warning
2021-04-30 07:33:47,523 INFO org.springframework.scheduling.concurrent.ExecutorConfigurationSupport [main] Initializing ExecutorService 'applicationTaskExecutor'
2021-04-30 07:33:47,962 WARN org.springframework.boot.autoconfigure.thymeleaf.ThymeleafAutoConfiguration$DefaultTemplateResolverConfiguration [main] Cannot find template location: classpath:/templates/ (please add some templates or check your Thymeleaf configuration)
2021-04-30 07:33:48,078 INFO org.apache.juli.logging.DirectJDKLog [main] Starting ProtocolHandler ["http-nio-8080"]
2021-04-30 07:33:48,110 INFO org.springframework.boot.web.embedded.tomcat.TomcatWebServer [main] Tomcat started on port(s): 8080 (http) with context path ''
2021-04-30 07:33:48,125 INFO org.springframework.boot.StartupInfoLogger [main] Started AllVehiclesApiApplication in 5.633 seconds (JVM running for 6.174)
2021-04-30 07:34:05,051 INFO org.apache.juli.logging.DirectJDKLog [http-nio-8080-exec-1] Initializing Spring DispatcherServlet 'dispatcherServlet'
2021-04-30 07:34:05,051 INFO org.springframework.web.servlet.FrameworkServlet [http-nio-8080-exec-1] Initializing Servlet 'dispatcherServlet'
2021-04-30 07:34:05,051 INFO org.springframework.web.servlet.FrameworkServlet [http-nio-8080-exec-1] Completed initialization in 0 ms
2021-04-30 07:34:13,678 INFO org.springdoc.api.AbstractOpenApiResource [http-nio-8080-exec-1] Init duration for springdoc-openapi is: 648 ms
2021-04-30 07:35:16,743 INFO com.sanvalero.allVehiclesAPI.controller.ModelController [http-nio-8080-exec-8] [getModelsFilteredByCompanyBrandAndUnits]
2021-04-30 07:35:17,013 INFO com.sanvalero.allVehiclesAPI.controller.ModelController [http-nio-8080-exec-8] [getModelsFilteredByCompanyBrandAndUnits]
2021-04-30 11:57:32,761 INFO org.springframework.boot.StartupInfoLogger [main] Starting AllVehiclesApiApplication using Java 11.0.10 on DESKTOP-GOI1K1R with PID 4864 (C:\Users\Javier\Desktop\Proyectos IntelliJ\DAM\Spring\allVehiclesAPI\target\classes started by Javier in C:\Users\Javier\Desktop\Proyectos IntelliJ\DAM\Spring\allVehiclesAPI)
2021-04-30 11:57:32,761 INFO org.springframework.boot.SpringApplication [main] No active profile set, falling back to default profiles: default
2021-04-30 11:57:33,242 INFO org.springframework.data.repository.config.RepositoryConfigurationDelegate [main] Bootstrapping Spring Data JPA repositories in DEFAULT mode.
2021-04-30 11:57:33,289 INFO org.springframework.data.repository.config.RepositoryConfigurationDelegate [main] Finished Spring Data repository scanning in 39 ms. Found 4 JPA repository interfaces.
2021-04-30 11:57:33,860 INFO org.springframework.boot.web.embedded.tomcat.TomcatWebServer [main] Tomcat initialized with port(s): 8080 (http)
2021-04-30 11:57:33,860 INFO org.apache.juli.logging.DirectJDKLog [main] Initializing ProtocolHandler ["http-nio-8080"]
2021-04-30 11:57:33,860 INFO org.apache.juli.logging.DirectJDKLog [main] Starting service [Tomcat]
2021-04-30 11:57:33,860 INFO org.apache.juli.logging.DirectJDKLog [main] Starting Servlet engine: [Apache Tomcat/9.0.43]
2021-04-30 11:57:33,944 INFO org.apache.juli.logging.DirectJDKLog [main] Initializing Spring embedded WebApplicationContext
2021-04-30 11:57:33,944 INFO org.springframework.boot.web.servlet.context.ServletWebServerApplicationContext [main] Root WebApplicationContext: initialization completed in 1152 ms
2021-04-30 11:57:34,044 INFO org.hibernate.jpa.internal.util.LogHelper [main] HHH000204: Processing PersistenceUnitInfo [name: default]
2021-04-30 11:57:34,091 INFO org.hibernate.Version [main] HHH000412: Hibernate ORM core version 5.4.28.Final
2021-04-30 11:57:34,176 INFO org.hibernate.annotations.common.reflection.java.JavaReflectionManager [main] HCANN000001: Hibernate Commons Annotations {5.1.2.Final}
2021-04-30 11:57:34,242 INFO com.zaxxer.hikari.HikariDataSource [main] HikariPool-1 - Starting...
2021-04-30 11:57:34,338 INFO com.zaxxer.hikari.HikariDataSource [main] HikariPool-1 - Start completed.
2021-04-30 11:57:34,354 INFO org.hibernate.dialect.Dialect [main] HHH000400: Using dialect: org.hibernate.dialect.MySQL55Dialect
2021-04-30 11:57:34,808 INFO org.hibernate.engine.transaction.jta.platform.internal.JtaPlatformInitiator [main] HHH000490: Using JtaPlatform implementation: [org.hibernate.engine.transaction.jta.platform.internal.NoJtaPlatform]
2021-04-30 11:57:34,808 INFO org.springframework.orm.jpa.AbstractEntityManagerFactoryBean [main] Initialized JPA EntityManagerFactory for persistence unit 'default'
2021-04-30 11:57:35,093 WARN org.springframework.boot.autoconfigure.orm.jpa.JpaBaseConfiguration$JpaWebConfiguration [main] spring.jpa.open-in-view is enabled by default. Therefore, database queries may be performed during view rendering. Explicitly configure spring.jpa.open-in-view to disable this warning
2021-04-30 11:57:35,125 INFO org.springframework.scheduling.concurrent.ExecutorConfigurationSupport [main] Initializing ExecutorService 'applicationTaskExecutor'
2021-04-30 11:57:35,410 WARN org.springframework.boot.autoconfigure.thymeleaf.ThymeleafAutoConfiguration$DefaultTemplateResolverConfiguration [main] Cannot find template location: classpath:/templates/ (please add some templates or check your Thymeleaf configuration)
2021-04-30 11:57:35,494 INFO org.apache.juli.logging.DirectJDKLog [main] Starting ProtocolHandler ["http-nio-8080"]
2021-04-30 11:57:35,510 INFO org.springframework.boot.web.embedded.tomcat.TomcatWebServer [main] Tomcat started on port(s): 8080 (http) with context path ''
2021-04-30 11:57:35,510 INFO org.springframework.boot.StartupInfoLogger [main] Started AllVehiclesApiApplication in 3.096 seconds (JVM running for 3.387)
2021-04-30 11:57:44,152 INFO org.apache.juli.logging.DirectJDKLog [http-nio-8080-exec-2] Initializing Spring DispatcherServlet 'dispatcherServlet'
2021-04-30 11:57:44,153 INFO org.springframework.web.servlet.FrameworkServlet [http-nio-8080-exec-2] Initializing Servlet 'dispatcherServlet'
2021-04-30 11:57:44,154 INFO org.springframework.web.servlet.FrameworkServlet [http-nio-8080-exec-2] Completed initialization in 1 ms
2021-04-30 11:57:44,175 INFO com.sanvalero.allVehiclesAPI.controller.ModelController [http-nio-8080-exec-2] [init getAllModels]
2021-04-30 11:57:44,295 INFO com.sanvalero.allVehiclesAPI.controller.ModelController [http-nio-8080-exec-2] [end getAllModels]
2021-04-30 11:58:41,294 INFO com.sanvalero.allVehiclesAPI.controller.ModelController [http-nio-8080-exec-3] [init modifyModelByLength]
2021-04-30 11:58:41,393 INFO com.sanvalero.allVehiclesAPI.controller.ModelController [http-nio-8080-exec-3] [end modifyModelByLength]
2021-04-30 11:58:51,053 INFO com.sanvalero.allVehiclesAPI.controller.ModelController [http-nio-8080-exec-4] [init modifyModelByLength]
2021-04-30 11:58:51,146 INFO com.sanvalero.allVehiclesAPI.controller.ModelController [http-nio-8080-exec-4] [end modifyModelByLength]
2021-04-30 11:59:06,167 INFO com.sanvalero.allVehiclesAPI.controller.ModelController [http-nio-8080-exec-5] [getModelsFilteredByCompanyBrandAndUnits]
2021-04-30 11:59:06,184 INFO com.sanvalero.allVehiclesAPI.controller.ModelController [http-nio-8080-exec-5] [getModelsFilteredByCompanyBrandAndUnits]
2021-04-30 11:59:26,438 INFO com.sanvalero.allVehiclesAPI.controller.ModelController [http-nio-8080-exec-6] [getModelsFilteredByCompanyBrandAndUnits]
2021-04-30 11:59:26,443 INFO com.sanvalero.allVehiclesAPI.controller.ModelController [http-nio-8080-exec-6] [getModelsFilteredByCompanyBrandAndUnits]
2021-04-30 11:59:52,845 INFO com.sanvalero.allVehiclesAPI.controller.ModelController [http-nio-8080-exec-7] [init getModelsFilteredByNameTypeAvailable]
2021-04-30 11:59:52,850 INFO com.sanvalero.allVehiclesAPI.controller.ModelController [http-nio-8080-exec-7] [end getModelsFilteredByNameTypeAvailable]
2021-04-30 12:09:36,117 INFO org.springframework.boot.StartupInfoLogger [main] Starting AllVehiclesApiApplication using Java 11.0.10 on DESKTOP-GOI1K1R with PID 14200 (C:\Users\Javier\Desktop\Proyectos IntelliJ\DAM\Spring\allVehiclesAPI\target\classes started by Javier in C:\Users\Javier\Desktop\Proyectos IntelliJ\DAM\Spring\allVehiclesAPI)
2021-04-30 12:09:36,117 INFO org.springframework.boot.SpringApplication [main] No active profile set, falling back to default profiles: default
2021-04-30 12:09:36,603 INFO org.springframework.data.repository.config.RepositoryConfigurationDelegate [main] Bootstrapping Spring Data JPA repositories in DEFAULT mode.
2021-04-30 12:09:36,650 INFO org.springframework.data.repository.config.RepositoryConfigurationDelegate [main] Finished Spring Data repository scanning in 40 ms. Found 4 JPA repository interfaces.
2021-04-30 12:09:37,251 INFO org.springframework.boot.web.embedded.tomcat.TomcatWebServer [main] Tomcat initialized with port(s): 8080 (http)
2021-04-30 12:09:37,251 INFO org.apache.juli.logging.DirectJDKLog [main] Initializing ProtocolHandler ["http-nio-8080"]
2021-04-30 12:09:37,251 INFO org.apache.juli.logging.DirectJDKLog [main] Starting service [Tomcat]
2021-04-30 12:09:37,251 INFO org.apache.juli.logging.DirectJDKLog [main] Starting Servlet engine: [Apache Tomcat/9.0.43]
2021-04-30 12:09:37,320 INFO org.apache.juli.logging.DirectJDKLog [main] Initializing Spring embedded WebApplicationContext
2021-04-30 12:09:37,320 INFO org.springframework.boot.web.servlet.context.ServletWebServerApplicationContext [main] Root WebApplicationContext: initialization completed in 1172 ms
2021-04-30 12:09:37,436 INFO org.hibernate.jpa.internal.util.LogHelper [main] HHH000204: Processing PersistenceUnitInfo [name: default]
2021-04-30 12:09:37,490 INFO org.hibernate.Version [main] HHH000412: Hibernate ORM core version 5.4.28.Final
2021-04-30 12:09:37,552 INFO org.hibernate.annotations.common.reflection.java.JavaReflectionManager [main] HCANN000001: Hibernate Commons Annotations {5.1.2.Final}
2021-04-30 12:09:37,621 INFO com.zaxxer.hikari.HikariDataSource [main] HikariPool-1 - Starting...
2021-04-30 12:09:37,722 INFO com.zaxxer.hikari.HikariDataSource [main] HikariPool-1 - Start completed.
2021-04-30 12:09:37,737 INFO org.hibernate.dialect.Dialect [main] HHH000400: Using dialect: org.hibernate.dialect.MySQL55Dialect
2021-04-30 12:09:38,170 INFO org.hibernate.engine.transaction.jta.platform.internal.JtaPlatformInitiator [main] HHH000490: Using JtaPlatform implementation: [org.hibernate.engine.transaction.jta.platform.internal.NoJtaPlatform]
2021-04-30 12:09:38,170 INFO org.springframework.orm.jpa.AbstractEntityManagerFactoryBean [main] Initialized JPA EntityManagerFactory for persistence unit 'default'
2021-04-30 12:09:38,455 WARN org.springframework.boot.autoconfigure.orm.jpa.JpaBaseConfiguration$JpaWebConfiguration [main] spring.jpa.open-in-view is enabled by default. Therefore, database queries may be performed during view rendering. Explicitly configure spring.jpa.open-in-view to disable this warning
2021-04-30 12:09:38,493 INFO org.springframework.scheduling.concurrent.ExecutorConfigurationSupport [main] Initializing ExecutorService 'applicationTaskExecutor'
2021-04-30 12:09:38,755 WARN org.springframework.boot.autoconfigure.thymeleaf.ThymeleafAutoConfiguration$DefaultTemplateResolverConfiguration [main] Cannot find template location: classpath:/templates/ (please add some templates or check your Thymeleaf configuration)
2021-04-30 12:09:38,840 INFO org.apache.juli.logging.DirectJDKLog [main] Starting ProtocolHandler ["http-nio-8080"]
2021-04-30 12:09:38,856 INFO org.springframework.boot.web.embedded.tomcat.TomcatWebServer [main] Tomcat started on port(s): 8080 (http) with context path ''
2021-04-30 12:09:38,856 INFO org.springframework.boot.StartupInfoLogger [main] Started AllVehiclesApiApplication in 3.087 seconds (JVM running for 3.372)
2021-04-30 12:09:43,787 INFO org.apache.juli.logging.DirectJDKLog [http-nio-8080-exec-1] Initializing Spring DispatcherServlet 'dispatcherServlet'
2021-04-30 12:09:43,787 INFO org.springframework.web.servlet.FrameworkServlet [http-nio-8080-exec-1] Initializing Servlet 'dispatcherServlet'
2021-04-30 12:09:43,802 INFO org.springframework.web.servlet.FrameworkServlet [http-nio-8080-exec-1] Completed initialization in 15 ms
2021-04-30 12:09:44,673 INFO org.springdoc.api.AbstractOpenApiResource [http-nio-8080-exec-6] Init duration for springdoc-openapi is: 632 ms
2021-04-30 12:45:23,191 INFO org.springframework.boot.StartupInfoLogger [main] Starting AllVehiclesApiApplication using Java 11.0.10 on DESKTOP-GOI1K1R with PID 12984 (C:\Users\Javier\Desktop\Proyectos IntelliJ\DAM\Spring\allVehiclesAPI\target\classes started by Javier in C:\Users\Javier\Desktop\Proyectos IntelliJ\DAM\Spring\allVehiclesAPI)
2021-04-30 12:45:23,194 INFO org.springframework.boot.SpringApplication [main] No active profile set, falling back to default profiles: default
2021-04-30 12:45:23,759 INFO org.springframework.data.repository.config.RepositoryConfigurationDelegate [main] Bootstrapping Spring Data JPA repositories in DEFAULT mode.
2021-04-30 12:45:23,809 INFO org.springframework.data.repository.config.RepositoryConfigurationDelegate [main] Finished Spring Data repository scanning in 42 ms. Found 4 JPA repository interfaces.
2021-04-30 12:45:24,445 INFO org.springframework.boot.web.embedded.tomcat.TomcatWebServer [main] Tomcat initialized with port(s): 8080 (http)
2021-04-30 12:45:24,453 INFO org.apache.juli.logging.DirectJDKLog [main] Initializing ProtocolHandler ["http-nio-8080"]
2021-04-30 12:45:24,454 INFO org.apache.juli.logging.DirectJDKLog [main] Starting service [Tomcat]
2021-04-30 12:45:24,454 INFO org.apache.juli.logging.DirectJDKLog [main] Starting Servlet engine: [Apache Tomcat/9.0.43]
2021-04-30 12:45:24,526 INFO org.apache.juli.logging.DirectJDKLog [main] Initializing Spring embedded WebApplicationContext
2021-04-30 12:45:24,526 INFO org.springframework.boot.web.servlet.context.ServletWebServerApplicationContext [main] Root WebApplicationContext: initialization completed in 1294 ms
2021-04-30 12:45:24,665 INFO org.hibernate.jpa.internal.util.LogHelper [main] HHH000204: Processing PersistenceUnitInfo [name: default]
2021-04-30 12:45:24,718 INFO org.hibernate.Version [main] HHH000412: Hibernate ORM core version 5.4.28.Final
2021-04-30 12:45:24,812 INFO org.hibernate.annotations.common.reflection.java.JavaReflectionManager [main] HCANN000001: Hibernate Commons Annotations {5.1.2.Final}
2021-04-30 12:45:24,883 INFO com.zaxxer.hikari.HikariDataSource [main] HikariPool-1 - Starting...
2021-04-30 12:45:25,038 INFO com.zaxxer.hikari.HikariDataSource [main] HikariPool-1 - Start completed.
2021-04-30 12:45:25,052 INFO org.hibernate.dialect.Dialect [main] HHH000400: Using dialect: org.hibernate.dialect.MySQL55Dialect
2021-04-30 12:45:25,602 INFO org.hibernate.engine.transaction.jta.platform.internal.JtaPlatformInitiator [main] HHH000490: Using JtaPlatform implementation: [org.hibernate.engine.transaction.jta.platform.internal.NoJtaPlatform]
2021-04-30 12:45:25,608 INFO org.springframework.orm.jpa.AbstractEntityManagerFactoryBean [main] Initialized JPA EntityManagerFactory for persistence unit 'default'
2021-04-30 12:45:25,929 WARN org.springframework.boot.autoconfigure.orm.jpa.JpaBaseConfiguration$JpaWebConfiguration [main] spring.jpa.open-in-view is enabled by default. Therefore, database queries may be performed during view rendering. Explicitly configure spring.jpa.open-in-view to disable this warning
2021-04-30 12:45:25,976 INFO org.springframework.scheduling.concurrent.ExecutorConfigurationSupport [main] Initializing ExecutorService 'applicationTaskExecutor'
2021-04-30 12:45:26,307 WARN org.springframework.boot.autoconfigure.thymeleaf.ThymeleafAutoConfiguration$DefaultTemplateResolverConfiguration [main] Cannot find template location: classpath:/templates/ (please add some templates or check your Thymeleaf configuration)
2021-04-30 12:45:26,415 INFO org.apache.juli.logging.DirectJDKLog [main] Starting ProtocolHandler ["http-nio-8080"]
2021-04-30 12:45:26,430 INFO org.springframework.boot.web.embedded.tomcat.TomcatWebServer [main] Tomcat started on port(s): 8080 (http) with context path ''
2021-04-30 12:45:26,437 INFO org.springframework.boot.StartupInfoLogger [main] Started AllVehiclesApiApplication in 3.636 seconds (JVM running for 3.956)
2021-04-30 12:46:00,554 INFO org.apache.juli.logging.DirectJDKLog [http-nio-8080-exec-1] Initializing Spring DispatcherServlet 'dispatcherServlet'
2021-04-30 12:46:00,555 INFO org.springframework.web.servlet.FrameworkServlet [http-nio-8080-exec-1] Initializing Servlet 'dispatcherServlet'
2021-04-30 12:46:00,557 INFO org.springframework.web.servlet.FrameworkServlet [http-nio-8080-exec-1] Completed initialization in 2 ms
2021-04-30 12:46:00,579 INFO com.sanvalero.allVehiclesAPI.controller.CompanyController [http-nio-8080-exec-1] [init getAllCompanies]
2021-04-30 12:46:00,682 INFO com.sanvalero.allVehiclesAPI.controller.CompanyController [http-nio-8080-exec-1] [end getAllCompanies]
2021-04-30 12:47:02,162 INFO com.sanvalero.allVehiclesAPI.controller.ModelController [http-nio-8080-exec-5] [init addModel]
2021-04-30 12:47:02,241 INFO com.sanvalero.allVehiclesAPI.controller.ModelController [http-nio-8080-exec-5] [end addModel]
2021-04-30 12:47:16,320 INFO com.sanvalero.allVehiclesAPI.controller.ModelController [http-nio-8080-exec-6] [init getModelById]
2021-04-30 12:47:16,323 INFO com.sanvalero.allVehiclesAPI.controller.ModelController [http-nio-8080-exec-6] [end getModelById]
2021-04-30 12:47:26,293 INFO com.sanvalero.allVehiclesAPI.controller.ModelController [http-nio-8080-exec-7] [init deleteModel]
2021-04-30 12:47:26,367 INFO com.sanvalero.allVehiclesAPI.controller.ModelController [http-nio-8080-exec-7] [end deleteModel]
2021-04-30 12:47:38,461 INFO com.sanvalero.allVehiclesAPI.controller.ModelController [http-nio-8080-exec-8] [init getModelById]
2021-04-30 12:47:38,484 ERROR com.sanvalero.allVehiclesAPI.controller.ModelController [http-nio-8080-exec-8] Model not found: 58
com.sanvalero.allVehiclesAPI.exception.ModelNotFoundException: Model not found: 58
	at com.sanvalero.allVehiclesAPI.controller.ModelController.lambda$getModelById$0(ModelController.java:75)
	at java.base/java.util.Optional.orElseThrow(Optional.java:408)
	at com.sanvalero.allVehiclesAPI.controller.ModelController.getModelById(ModelController.java:75)
	at java.base/jdk.internal.reflect.NativeMethodAccessorImpl.invoke0(Native Method)
	at java.base/jdk.internal.reflect.NativeMethodAccessorImpl.invoke(NativeMethodAccessorImpl.java:62)
	at java.base/jdk.internal.reflect.DelegatingMethodAccessorImpl.invoke(DelegatingMethodAccessorImpl.java:43)
	at java.base/java.lang.reflect.Method.invoke(Method.java:566)
	at org.springframework.web.method.support.InvocableHandlerMethod.doInvoke(InvocableHandlerMethod.java:197)
	at org.springframework.web.method.support.InvocableHandlerMethod.invokeForRequest(InvocableHandlerMethod.java:141)
	at org.springframework.web.servlet.mvc.method.annotation.ServletInvocableHandlerMethod.invokeAndHandle(ServletInvocableHandlerMethod.java:106)
	at org.springframework.web.servlet.mvc.method.annotation.RequestMappingHandlerAdapter.invokeHandlerMethod(RequestMappingHandlerAdapter.java:894)
	at org.springframework.web.servlet.mvc.method.annotation.RequestMappingHandlerAdapter.handleInternal(RequestMappingHandlerAdapter.java:808)
	at org.springframework.web.servlet.mvc.method.AbstractHandlerMethodAdapter.handle(AbstractHandlerMethodAdapter.java:87)
	at org.springframework.web.servlet.DispatcherServlet.doDispatch(DispatcherServlet.java:1060)
	at org.springframework.web.servlet.DispatcherServlet.doService(DispatcherServlet.java:962)
	at org.springframework.web.servlet.FrameworkServlet.processRequest(FrameworkServlet.java:1006)
	at org.springframework.web.servlet.FrameworkServlet.doGet(FrameworkServlet.java:898)
	at javax.servlet.http.HttpServlet.service(HttpServlet.java:626)
	at org.springframework.web.servlet.FrameworkServlet.service(FrameworkServlet.java:883)
	at javax.servlet.http.HttpServlet.service(HttpServlet.java:733)
	at org.apache.catalina.core.ApplicationFilterChain.internalDoFilter(ApplicationFilterChain.java:227)
	at org.apache.catalina.core.ApplicationFilterChain.doFilter(ApplicationFilterChain.java:162)
	at org.apache.tomcat.websocket.server.WsFilter.doFilter(WsFilter.java:53)
	at org.apache.catalina.core.ApplicationFilterChain.internalDoFilter(ApplicationFilterChain.java:189)
	at org.apache.catalina.core.ApplicationFilterChain.doFilter(ApplicationFilterChain.java:162)
	at org.springframework.web.servlet.resource.ResourceUrlEncodingFilter.doFilter(ResourceUrlEncodingFilter.java:67)
	at org.apache.catalina.core.ApplicationFilterChain.internalDoFilter(ApplicationFilterChain.java:189)
	at org.apache.catalina.core.ApplicationFilterChain.doFilter(ApplicationFilterChain.java:162)
	at org.springframework.web.filter.RequestContextFilter.doFilterInternal(RequestContextFilter.java:100)
	at org.springframework.web.filter.OncePerRequestFilter.doFilter(OncePerRequestFilter.java:119)
	at org.apache.catalina.core.ApplicationFilterChain.internalDoFilter(ApplicationFilterChain.java:189)
	at org.apache.catalina.core.ApplicationFilterChain.doFilter(ApplicationFilterChain.java:162)
	at org.springframework.web.filter.FormContentFilter.doFilterInternal(FormContentFilter.java:93)
	at org.springframework.web.filter.OncePerRequestFilter.doFilter(OncePerRequestFilter.java:119)
	at org.apache.catalina.core.ApplicationFilterChain.internalDoFilter(ApplicationFilterChain.java:189)
	at org.apache.catalina.core.ApplicationFilterChain.doFilter(ApplicationFilterChain.java:162)
	at org.springframework.web.filter.CharacterEncodingFilter.doFilterInternal(CharacterEncodingFilter.java:201)
	at org.springframework.web.filter.OncePerRequestFilter.doFilter(OncePerRequestFilter.java:119)
	at org.apache.catalina.core.ApplicationFilterChain.internalDoFilter(ApplicationFilterChain.java:189)
	at org.apache.catalina.core.ApplicationFilterChain.doFilter(ApplicationFilterChain.java:162)
	at org.apache.catalina.core.StandardWrapperValve.invoke(StandardWrapperValve.java:202)
	at org.apache.catalina.core.StandardContextValve.invoke(StandardContextValve.java:97)
	at org.apache.catalina.authenticator.AuthenticatorBase.invoke(AuthenticatorBase.java:542)
	at org.apache.catalina.core.StandardHostValve.invoke(StandardHostValve.java:143)
	at org.apache.catalina.valves.ErrorReportValve.invoke(ErrorReportValve.java:92)
	at org.apache.catalina.core.StandardEngineValve.invoke(StandardEngineValve.java:78)
	at org.apache.catalina.connector.CoyoteAdapter.service(CoyoteAdapter.java:346)
	at org.apache.coyote.http11.Http11Processor.service(Http11Processor.java:374)
	at org.apache.coyote.AbstractProcessorLight.process(AbstractProcessorLight.java:65)
	at org.apache.coyote.AbstractProtocol$ConnectionHandler.process(AbstractProtocol.java:887)
	at org.apache.tomcat.util.net.NioEndpoint$SocketProcessor.doRun(NioEndpoint.java:1684)
	at org.apache.tomcat.util.net.SocketProcessorBase.run(SocketProcessorBase.java:49)
	at java.base/java.util.concurrent.ThreadPoolExecutor.runWorker(ThreadPoolExecutor.java:1128)
	at java.base/java.util.concurrent.ThreadPoolExecutor$Worker.run(ThreadPoolExecutor.java:628)
	at org.apache.tomcat.util.threads.TaskThread$WrappingRunnable.run(TaskThread.java:61)
	at java.base/java.lang.Thread.run(Thread.java:834)
2021-04-30 12:49:35,445 INFO com.sanvalero.allVehiclesAPI.controller.ModelController [http-nio-8080-exec-10] [getModelsFilteredByCompanyBrandAndUnits]
2021-04-30 12:49:35,466 INFO com.sanvalero.allVehiclesAPI.controller.ModelController [http-nio-8080-exec-10] [getModelsFilteredByCompanyBrandAndUnits]
2021-04-30 12:49:56,015 INFO com.sanvalero.allVehiclesAPI.controller.ModelController [http-nio-8080-exec-1] [getModelsFilteredByCompanyBrandAndUnits]
2021-04-30 12:49:56,021 INFO com.sanvalero.allVehiclesAPI.controller.ModelController [http-nio-8080-exec-1] [getModelsFilteredByCompanyBrandAndUnits]
2021-04-30 12:50:14,497 INFO com.sanvalero.allVehiclesAPI.controller.ModelController [http-nio-8080-exec-3] [getModelsFilteredByCompanyBrandAndUnits]
2021-04-30 12:50:14,501 INFO com.sanvalero.allVehiclesAPI.controller.ModelController [http-nio-8080-exec-3] [getModelsFilteredByCompanyBrandAndUnits]
2021-04-30 12:51:25,204 INFO com.sanvalero.allVehiclesAPI.controller.ModelController [http-nio-8080-exec-6] [init modifyModelByLength]
2021-04-30 12:51:25,269 INFO com.sanvalero.allVehiclesAPI.controller.ModelController [http-nio-8080-exec-6] [end modifyModelByLength]
