2021-05-19 17:05:18,300 INFO org.springframework.boot.StartupInfoLogger [main] Starting AllVehiclesApiApplication using Java 11.0.10 on DESKTOP-GOI1K1R with PID 3964 (C:\Users\Javier\Desktop\Proyectos IntelliJ\DAM\Spring\allVehiclesAPI\target\classes started by Javier in C:\Users\Javier\Desktop\Proyectos IntelliJ\DAM\Spring\allVehiclesAPI)
2021-05-19 17:05:18,304 INFO org.springframework.boot.SpringApplication [main] No active profile set, falling back to default profiles: default
2021-05-19 17:05:19,314 INFO org.springframework.data.repository.config.RepositoryConfigurationDelegate [main] Bootstrapping Spring Data JPA repositories in DEFAULT mode.
2021-05-19 17:05:19,424 INFO org.springframework.data.repository.config.RepositoryConfigurationDelegate [main] Finished Spring Data repository scanning in 100 ms. Found 4 JPA repository interfaces.
2021-05-19 17:05:20,517 INFO org.springframework.boot.web.embedded.tomcat.TomcatWebServer [main] Tomcat initialized with port(s): 8080 (http)
2021-05-19 17:05:20,526 INFO org.apache.juli.logging.DirectJDKLog [main] Initializing ProtocolHandler ["http-nio-8080"]
2021-05-19 17:05:20,526 INFO org.apache.juli.logging.DirectJDKLog [main] Starting service [Tomcat]
2021-05-19 17:05:20,527 INFO org.apache.juli.logging.DirectJDKLog [main] Starting Servlet engine: [Apache Tomcat/9.0.43]
2021-05-19 17:05:20,646 INFO org.apache.juli.logging.DirectJDKLog [main] Initializing Spring embedded WebApplicationContext
2021-05-19 17:05:20,646 INFO org.springframework.boot.web.servlet.context.ServletWebServerApplicationContext [main] Root WebApplicationContext: initialization completed in 2287 ms
2021-05-19 17:05:20,904 INFO org.hibernate.jpa.internal.util.LogHelper [main] HHH000204: Processing PersistenceUnitInfo [name: default]
2021-05-19 17:05:20,993 INFO org.hibernate.Version [main] HHH000412: Hibernate ORM core version 5.4.28.Final
2021-05-19 17:05:21,170 INFO org.hibernate.annotations.common.reflection.java.JavaReflectionManager [main] HCANN000001: Hibernate Commons Annotations {5.1.2.Final}
2021-05-19 17:05:21,298 INFO com.zaxxer.hikari.HikariDataSource [main] HikariPool-1 - Starting...
2021-05-19 17:05:21,597 INFO com.zaxxer.hikari.HikariDataSource [main] HikariPool-1 - Start completed.
2021-05-19 17:05:21,613 INFO org.hibernate.dialect.Dialect [main] HHH000400: Using dialect: org.hibernate.dialect.MySQL55Dialect
2021-05-19 17:05:22,527 INFO org.hibernate.engine.transaction.jta.platform.internal.JtaPlatformInitiator [main] HHH000490: Using JtaPlatform implementation: [org.hibernate.engine.transaction.jta.platform.internal.NoJtaPlatform]
2021-05-19 17:05:22,534 INFO org.springframework.orm.jpa.AbstractEntityManagerFactoryBean [main] Initialized JPA EntityManagerFactory for persistence unit 'default'
2021-05-19 17:05:23,248 WARN org.springframework.boot.autoconfigure.orm.jpa.JpaBaseConfiguration$JpaWebConfiguration [main] spring.jpa.open-in-view is enabled by default. Therefore, database queries may be performed during view rendering. Explicitly configure spring.jpa.open-in-view to disable this warning
2021-05-19 17:05:23,308 INFO org.springframework.scheduling.concurrent.ExecutorConfigurationSupport [main] Initializing ExecutorService 'applicationTaskExecutor'
2021-05-19 17:05:23,768 WARN org.springframework.boot.autoconfigure.thymeleaf.ThymeleafAutoConfiguration$DefaultTemplateResolverConfiguration [main] Cannot find template location: classpath:/templates/ (please add some templates or check your Thymeleaf configuration)
2021-05-19 17:05:23,956 INFO org.apache.juli.logging.DirectJDKLog [main] Starting ProtocolHandler ["http-nio-8080"]
2021-05-19 17:05:24,049 INFO org.springframework.boot.web.embedded.tomcat.TomcatWebServer [main] Tomcat started on port(s): 8080 (http) with context path ''
2021-05-19 17:05:24,056 INFO org.springframework.boot.StartupInfoLogger [main] Started AllVehiclesApiApplication in 6.532 seconds (JVM running for 7.26)
2021-05-19 17:06:06,660 INFO org.apache.juli.logging.DirectJDKLog [http-nio-8080-exec-1] Initializing Spring DispatcherServlet 'dispatcherServlet'
2021-05-19 17:06:06,661 INFO org.springframework.web.servlet.FrameworkServlet [http-nio-8080-exec-1] Initializing Servlet 'dispatcherServlet'
2021-05-19 17:06:06,662 INFO org.springframework.web.servlet.FrameworkServlet [http-nio-8080-exec-1] Completed initialization in 1 ms
2021-05-19 17:06:07,836 INFO org.springdoc.api.AbstractOpenApiResource [http-nio-8080-exec-8] Init duration for springdoc-openapi is: 755 ms
2021-05-19 17:06:19,967 INFO com.sanvalero.allVehiclesAPI.controller.ModelController [http-nio-8080-exec-1] [init getAllModels]
2021-05-19 17:06:20,261 INFO com.sanvalero.allVehiclesAPI.controller.ModelController [http-nio-8080-exec-1] [end getAllModels]
2021-05-19 20:31:28,929 INFO org.springframework.boot.StartupInfoLogger [main] Starting AllVehiclesApiApplication using Java 11.0.10 on DESKTOP-GOI1K1R with PID 7756 (C:\Users\Javier\Desktop\Proyectos IntelliJ\DAM\Spring\allVehiclesAPI\target\classes started by Javier in C:\Users\Javier\Desktop\Proyectos IntelliJ\DAM\Spring\allVehiclesAPI)
2021-05-19 20:31:28,931 INFO org.springframework.boot.SpringApplication [main] No active profile set, falling back to default profiles: default
2021-05-19 20:31:29,469 INFO org.springframework.data.repository.config.RepositoryConfigurationDelegate [main] Bootstrapping Spring Data JPA repositories in DEFAULT mode.
2021-05-19 20:31:29,518 INFO org.springframework.data.repository.config.RepositoryConfigurationDelegate [main] Finished Spring Data repository scanning in 43 ms. Found 4 JPA repository interfaces.
2021-05-19 20:31:30,148 INFO org.springframework.boot.web.embedded.tomcat.TomcatWebServer [main] Tomcat initialized with port(s): 8080 (http)
2021-05-19 20:31:30,156 INFO org.apache.juli.logging.DirectJDKLog [main] Initializing ProtocolHandler ["http-nio-8080"]
2021-05-19 20:31:30,157 INFO org.apache.juli.logging.DirectJDKLog [main] Starting service [Tomcat]
2021-05-19 20:31:30,157 INFO org.apache.juli.logging.DirectJDKLog [main] Starting Servlet engine: [Apache Tomcat/9.0.43]
2021-05-19 20:31:30,228 INFO org.apache.juli.logging.DirectJDKLog [main] Initializing Spring embedded WebApplicationContext
2021-05-19 20:31:30,228 INFO org.springframework.boot.web.servlet.context.ServletWebServerApplicationContext [main] Root WebApplicationContext: initialization completed in 1259 ms
2021-05-19 20:31:30,354 INFO org.hibernate.jpa.internal.util.LogHelper [main] HHH000204: Processing PersistenceUnitInfo [name: default]
2021-05-19 20:31:30,403 INFO org.hibernate.Version [main] HHH000412: Hibernate ORM core version 5.4.28.Final
2021-05-19 20:31:30,487 INFO org.hibernate.annotations.common.reflection.java.JavaReflectionManager [main] HCANN000001: Hibernate Commons Annotations {5.1.2.Final}
2021-05-19 20:31:30,556 INFO com.zaxxer.hikari.HikariDataSource [main] HikariPool-1 - Starting...
2021-05-19 20:31:30,670 INFO com.zaxxer.hikari.HikariDataSource [main] HikariPool-1 - Start completed.
2021-05-19 20:31:30,682 INFO org.hibernate.dialect.Dialect [main] HHH000400: Using dialect: org.hibernate.dialect.MySQL55Dialect
2021-05-19 20:31:31,207 INFO org.hibernate.engine.transaction.jta.platform.internal.JtaPlatformInitiator [main] HHH000490: Using JtaPlatform implementation: [org.hibernate.engine.transaction.jta.platform.internal.NoJtaPlatform]
2021-05-19 20:31:31,214 INFO org.springframework.orm.jpa.AbstractEntityManagerFactoryBean [main] Initialized JPA EntityManagerFactory for persistence unit 'default'
2021-05-19 20:31:31,562 WARN org.springframework.boot.autoconfigure.orm.jpa.JpaBaseConfiguration$JpaWebConfiguration [main] spring.jpa.open-in-view is enabled by default. Therefore, database queries may be performed during view rendering. Explicitly configure spring.jpa.open-in-view to disable this warning
2021-05-19 20:31:31,609 INFO org.springframework.scheduling.concurrent.ExecutorConfigurationSupport [main] Initializing ExecutorService 'applicationTaskExecutor'
2021-05-19 20:31:31,942 WARN org.springframework.boot.autoconfigure.thymeleaf.ThymeleafAutoConfiguration$DefaultTemplateResolverConfiguration [main] Cannot find template location: classpath:/templates/ (please add some templates or check your Thymeleaf configuration)
2021-05-19 20:31:32,032 INFO org.apache.juli.logging.DirectJDKLog [main] Starting ProtocolHandler ["http-nio-8080"]
2021-05-19 20:31:32,051 INFO org.springframework.boot.web.embedded.tomcat.TomcatWebServer [main] Tomcat started on port(s): 8080 (http) with context path ''
2021-05-19 20:31:32,059 INFO org.springframework.boot.StartupInfoLogger [main] Started AllVehiclesApiApplication in 3.501 seconds (JVM running for 3.809)
2021-05-19 20:31:53,772 INFO org.apache.juli.logging.DirectJDKLog [http-nio-8080-exec-2] Initializing Spring DispatcherServlet 'dispatcherServlet'
2021-05-19 20:31:53,773 INFO org.springframework.web.servlet.FrameworkServlet [http-nio-8080-exec-2] Initializing Servlet 'dispatcherServlet'
2021-05-19 20:31:53,775 INFO org.springframework.web.servlet.FrameworkServlet [http-nio-8080-exec-2] Completed initialization in 2 ms
2021-05-19 20:40:38,508 INFO org.springframework.boot.StartupInfoLogger [main] Starting AllVehiclesApiApplication using Java 11.0.10 on DESKTOP-GOI1K1R with PID 15792 (C:\Users\Javier\Desktop\Proyectos IntelliJ\DAM\Spring\allVehiclesAPI\target\classes started by Javier in C:\Users\Javier\Desktop\Proyectos IntelliJ\DAM\Spring\allVehiclesAPI)
2021-05-19 20:40:38,510 INFO org.springframework.boot.SpringApplication [main] No active profile set, falling back to default profiles: default
2021-05-19 20:40:39,091 INFO org.springframework.data.repository.config.RepositoryConfigurationDelegate [main] Bootstrapping Spring Data JPA repositories in DEFAULT mode.
2021-05-19 20:40:39,142 INFO org.springframework.data.repository.config.RepositoryConfigurationDelegate [main] Finished Spring Data repository scanning in 44 ms. Found 4 JPA repository interfaces.
2021-05-19 20:40:39,963 INFO org.springframework.boot.web.embedded.tomcat.TomcatWebServer [main] Tomcat initialized with port(s): 8080 (http)
2021-05-19 20:40:39,974 INFO org.apache.juli.logging.DirectJDKLog [main] Initializing ProtocolHandler ["http-nio-8080"]
2021-05-19 20:40:39,974 INFO org.apache.juli.logging.DirectJDKLog [main] Starting service [Tomcat]
2021-05-19 20:40:39,975 INFO org.apache.juli.logging.DirectJDKLog [main] Starting Servlet engine: [Apache Tomcat/9.0.43]
2021-05-19 20:40:40,050 INFO org.apache.juli.logging.DirectJDKLog [main] Initializing Spring embedded WebApplicationContext
2021-05-19 20:40:40,050 INFO org.springframework.boot.web.servlet.context.ServletWebServerApplicationContext [main] Root WebApplicationContext: initialization completed in 1504 ms
2021-05-19 20:40:40,190 INFO org.hibernate.jpa.internal.util.LogHelper [main] HHH000204: Processing PersistenceUnitInfo [name: default]
2021-05-19 20:40:40,249 INFO org.hibernate.Version [main] HHH000412: Hibernate ORM core version 5.4.28.Final
2021-05-19 20:40:40,343 INFO org.hibernate.annotations.common.reflection.java.JavaReflectionManager [main] HCANN000001: Hibernate Commons Annotations {5.1.2.Final}
2021-05-19 20:40:40,417 INFO com.zaxxer.hikari.HikariDataSource [main] HikariPool-1 - Starting...
2021-05-19 20:40:40,536 INFO com.zaxxer.hikari.HikariDataSource [main] HikariPool-1 - Start completed.
2021-05-19 20:40:40,548 INFO org.hibernate.dialect.Dialect [main] HHH000400: Using dialect: org.hibernate.dialect.MySQL55Dialect
2021-05-19 20:40:41,012 INFO org.hibernate.engine.transaction.jta.platform.internal.JtaPlatformInitiator [main] HHH000490: Using JtaPlatform implementation: [org.hibernate.engine.transaction.jta.platform.internal.NoJtaPlatform]
2021-05-19 20:40:41,019 INFO org.springframework.orm.jpa.AbstractEntityManagerFactoryBean [main] Initialized JPA EntityManagerFactory for persistence unit 'default'
2021-05-19 20:40:41,341 WARN org.springframework.boot.autoconfigure.orm.jpa.JpaBaseConfiguration$JpaWebConfiguration [main] spring.jpa.open-in-view is enabled by default. Therefore, database queries may be performed during view rendering. Explicitly configure spring.jpa.open-in-view to disable this warning
2021-05-19 20:40:41,388 INFO org.springframework.scheduling.concurrent.ExecutorConfigurationSupport [main] Initializing ExecutorService 'applicationTaskExecutor'
2021-05-19 20:40:41,681 WARN org.springframework.boot.autoconfigure.thymeleaf.ThymeleafAutoConfiguration$DefaultTemplateResolverConfiguration [main] Cannot find template location: classpath:/templates/ (please add some templates or check your Thymeleaf configuration)
2021-05-19 20:40:41,769 INFO org.apache.juli.logging.DirectJDKLog [main] Starting ProtocolHandler ["http-nio-8080"]
2021-05-19 20:40:41,784 INFO org.springframework.boot.web.embedded.tomcat.TomcatWebServer [main] Tomcat started on port(s): 8080 (http) with context path ''
2021-05-19 20:40:41,790 INFO org.springframework.boot.StartupInfoLogger [main] Started AllVehiclesApiApplication in 3.663 seconds (JVM running for 3.98)
2021-05-19 20:40:54,736 INFO org.apache.juli.logging.DirectJDKLog [http-nio-8080-exec-3] Initializing Spring DispatcherServlet 'dispatcherServlet'
2021-05-19 20:40:54,737 INFO org.springframework.web.servlet.FrameworkServlet [http-nio-8080-exec-3] Initializing Servlet 'dispatcherServlet'
2021-05-19 20:40:54,738 INFO org.springframework.web.servlet.FrameworkServlet [http-nio-8080-exec-3] Completed initialization in 1 ms
2021-05-19 20:40:54,759 INFO com.sanvalero.allVehiclesAPI.controller.BrandController [http-nio-8080-exec-3] [init getAllBrands]
2021-05-19 20:40:54,911 INFO com.sanvalero.allVehiclesAPI.controller.BrandController [http-nio-8080-exec-3] [end getAllBrands]
