2021-05-16 22:27:41,901 INFO org.springframework.boot.StartupInfoLogger [main] Starting AllVehiclesApiApplication using Java 11.0.10 on DESKTOP-GOI1K1R with PID 12920 (C:\Users\Javier\Desktop\Proyectos IntelliJ\DAM\Spring\allVehiclesAPI\target\classes started by Javier in C:\Users\Javier\Desktop\Proyectos IntelliJ\DAM\Spring\allVehiclesAPI)
2021-05-16 22:27:41,916 INFO org.springframework.boot.SpringApplication [main] No active profile set, falling back to default profiles: default
2021-05-16 22:27:42,719 INFO org.springframework.data.repository.config.RepositoryConfigurationDelegate [main] Bootstrapping Spring Data JPA repositories in DEFAULT mode.
2021-05-16 22:27:42,825 INFO org.springframework.data.repository.config.RepositoryConfigurationDelegate [main] Finished Spring Data repository scanning in 107 ms. Found 4 JPA repository interfaces.
2021-05-16 22:27:43,674 INFO org.springframework.boot.web.embedded.tomcat.TomcatWebServer [main] Tomcat initialized with port(s): 8080 (http)
2021-05-16 22:27:43,689 INFO org.apache.juli.logging.DirectJDKLog [main] Initializing ProtocolHandler ["http-nio-8080"]
2021-05-16 22:27:43,689 INFO org.apache.juli.logging.DirectJDKLog [main] Starting service [Tomcat]
2021-05-16 22:27:43,689 INFO org.apache.juli.logging.DirectJDKLog [main] Starting Servlet engine: [Apache Tomcat/9.0.43]
2021-05-16 22:27:43,805 INFO org.apache.juli.logging.DirectJDKLog [main] Initializing Spring embedded WebApplicationContext
2021-05-16 22:27:43,805 INFO org.springframework.boot.web.servlet.context.ServletWebServerApplicationContext [main] Root WebApplicationContext: initialization completed in 1851 ms
2021-05-16 22:27:44,075 INFO org.hibernate.jpa.internal.util.LogHelper [main] HHH000204: Processing PersistenceUnitInfo [name: default]
2021-05-16 22:27:44,159 INFO org.hibernate.Version [main] HHH000412: Hibernate ORM core version 5.4.28.Final
2021-05-16 22:27:44,307 INFO org.hibernate.annotations.common.reflection.java.JavaReflectionManager [main] HCANN000001: Hibernate Commons Annotations {5.1.2.Final}
2021-05-16 22:27:44,407 INFO com.zaxxer.hikari.HikariDataSource [main] HikariPool-1 - Starting...
2021-05-16 22:27:44,507 INFO com.zaxxer.hikari.HikariDataSource [main] HikariPool-1 - Start completed.
2021-05-16 22:27:44,529 INFO org.hibernate.dialect.Dialect [main] HHH000400: Using dialect: org.hibernate.dialect.MySQL55Dialect
2021-05-16 22:27:45,131 INFO org.hibernate.engine.transaction.jta.platform.internal.JtaPlatformInitiator [main] HHH000490: Using JtaPlatform implementation: [org.hibernate.engine.transaction.jta.platform.internal.NoJtaPlatform]
2021-05-16 22:27:45,146 INFO org.springframework.orm.jpa.AbstractEntityManagerFactoryBean [main] Initialized JPA EntityManagerFactory for persistence unit 'default'
2021-05-16 22:27:45,596 WARN org.springframework.boot.autoconfigure.orm.jpa.JpaBaseConfiguration$JpaWebConfiguration [main] spring.jpa.open-in-view is enabled by default. Therefore, database queries may be performed during view rendering. Explicitly configure spring.jpa.open-in-view to disable this warning
2021-05-16 22:27:45,650 INFO org.springframework.scheduling.concurrent.ExecutorConfigurationSupport [main] Initializing ExecutorService 'applicationTaskExecutor'
2021-05-16 22:27:45,950 WARN org.springframework.boot.autoconfigure.thymeleaf.ThymeleafAutoConfiguration$DefaultTemplateResolverConfiguration [main] Cannot find template location: classpath:/templates/ (please add some templates or check your Thymeleaf configuration)
2021-05-16 22:27:46,066 INFO org.apache.juli.logging.DirectJDKLog [main] Starting ProtocolHandler ["http-nio-8080"]
2021-05-16 22:27:46,098 INFO org.springframework.boot.web.embedded.tomcat.TomcatWebServer [main] Tomcat started on port(s): 8080 (http) with context path ''
2021-05-16 22:27:46,098 INFO org.springframework.boot.StartupInfoLogger [main] Started AllVehiclesApiApplication in 4.639 seconds (JVM running for 5.064)
2021-05-16 22:27:50,777 INFO org.apache.juli.logging.DirectJDKLog [http-nio-8080-exec-1] Initializing Spring DispatcherServlet 'dispatcherServlet'
2021-05-16 22:27:50,777 INFO org.springframework.web.servlet.FrameworkServlet [http-nio-8080-exec-1] Initializing Servlet 'dispatcherServlet'
2021-05-16 22:27:50,777 INFO org.springframework.web.servlet.FrameworkServlet [http-nio-8080-exec-1] Completed initialization in 0 ms
2021-05-16 22:27:51,526 INFO org.springdoc.api.AbstractOpenApiResource [http-nio-8080-exec-2] Init duration for springdoc-openapi is: 664 ms
